[23-Mar-2023 02:18:27 Europe/Berlin] PHP Notice:  Undefined variable: precord in C:\xampp\htdocs\clinik\app\views\partials\rekam_medis\resep.php on line 176
[23-Mar-2023 02:18:27 Europe/Berlin] PHP Notice:  Undefined variable: resep in C:\xampp\htdocs\clinik\app\views\partials\rekam_medis\resep.php on line 177
[23-Mar-2023 02:19:54 Europe/Berlin] PHP Notice:  Undefined index: id_pendaftaran_poli in C:\xampp\htdocs\clinik\app\controllers\Rekam_medisController.php on line 311
[23-Mar-2023 02:22:20 Europe/Berlin] PHP Notice:  Undefined variable: precord in C:\xampp\htdocs\clinik\app\views\partials\rekam_medis\resep.php on line 176
[23-Mar-2023 02:22:20 Europe/Berlin] PHP Notice:  Undefined variable: resep in C:\xampp\htdocs\clinik\app\views\partials\rekam_medis\resep.php on line 177
[23-Mar-2023 02:22:59 Europe/Berlin] PHP Notice:  Undefined index: id_pendaftaran_poli in C:\xampp\htdocs\clinik\app\controllers\Rekam_medisController.php on line 311
[23-Mar-2023 03:43:54 Europe/Berlin] PHP Notice:  Undefined variable: precord in C:\xampp\htdocs\clinik\app\views\partials\rekam_medis\resep.php on line 176
[23-Mar-2023 03:43:54 Europe/Berlin] PHP Notice:  Undefined variable: resep in C:\xampp\htdocs\clinik\app\views\partials\rekam_medis\resep.php on line 177
[23-Mar-2023 03:44:24 Europe/Berlin] PHP Notice:  Undefined index: id_pendaftaran_poli in C:\xampp\htdocs\clinik\app\controllers\Rekam_medisController.php on line 311
[23-Mar-2023 07:48:30 Europe/Berlin] PHP Warning:  Use of undefined constant NAMA - assumed 'NAMA' (this will throw an Error in a future version of PHP) in C:\xampp\htdocs\clinik\app\views\partials\appheader.php on line 31
[23-Mar-2023 07:48:30 Europe/Berlin] PHP Warning:  Use of undefined constant NAMA - assumed 'NAMA' (this will throw an Error in a future version of PHP) in C:\xampp\htdocs\clinik\app\views\partials\appheader.php on line 66
[23-Mar-2023 07:48:44 Europe/Berlin] PHP Warning:  Use of undefined constant NAMA - assumed 'NAMA' (this will throw an Error in a future version of PHP) in C:\xampp\htdocs\clinik\app\views\partials\appheader.php on line 31
[23-Mar-2023 07:48:44 Europe/Berlin] PHP Warning:  Use of undefined constant NAMA - assumed 'NAMA' (this will throw an Error in a future version of PHP) in C:\xampp\htdocs\clinik\app\views\partials\appheader.php on line 66
[23-Mar-2023 07:48:47 Europe/Berlin] PHP Warning:  Use of undefined constant NAMA - assumed 'NAMA' (this will throw an Error in a future version of PHP) in C:\xampp\htdocs\clinik\app\views\partials\appheader.php on line 31
[23-Mar-2023 07:48:47 Europe/Berlin] PHP Warning:  Use of undefined constant NAMA - assumed 'NAMA' (this will throw an Error in a future version of PHP) in C:\xampp\htdocs\clinik\app\views\partials\appheader.php on line 66
[23-Mar-2023 07:48:48 Europe/Berlin] PHP Warning:  Use of undefined constant NAMA - assumed 'NAMA' (this will throw an Error in a future version of PHP) in C:\xampp\htdocs\clinik\app\views\partials\appheader.php on line 31
[23-Mar-2023 07:48:48 Europe/Berlin] PHP Warning:  Use of undefined constant NAMA - assumed 'NAMA' (this will throw an Error in a future version of PHP) in C:\xampp\htdocs\clinik\app\views\partials\appheader.php on line 66
[23-Mar-2023 07:48:51 Europe/Berlin] PHP Warning:  Use of undefined constant NAMA - assumed 'NAMA' (this will throw an Error in a future version of PHP) in C:\xampp\htdocs\clinik\app\views\partials\appheader.php on line 31
[23-Mar-2023 07:48:51 Europe/Berlin] PHP Warning:  Use of undefined constant NAMA - assumed 'NAMA' (this will throw an Error in a future version of PHP) in C:\xampp\htdocs\clinik\app\views\partials\appheader.php on line 66
[23-Mar-2023 07:49:18 Europe/Berlin] PHP Warning:  Use of undefined constant NAMA - assumed 'NAMA' (this will throw an Error in a future version of PHP) in C:\xampp\htdocs\clinik\app\views\partials\appheader.php on line 31
[23-Mar-2023 07:49:18 Europe/Berlin] PHP Warning:  Use of undefined constant NAMA - assumed 'NAMA' (this will throw an Error in a future version of PHP) in C:\xampp\htdocs\clinik\app\views\partials\appheader.php on line 66
[23-Mar-2023 07:49:59 Europe/Berlin] PHP Warning:  Use of undefined constant NAMA - assumed 'NAMA' (this will throw an Error in a future version of PHP) in C:\xampp\htdocs\clinik\app\views\partials\appheader.php on line 31
[23-Mar-2023 07:49:59 Europe/Berlin] PHP Warning:  Use of undefined constant NAMA - assumed 'NAMA' (this will throw an Error in a future version of PHP) in C:\xampp\htdocs\clinik\app\views\partials\appheader.php on line 66
[23-Mar-2023 07:50:08 Europe/Berlin] PHP Warning:  Use of undefined constant NAMA - assumed 'NAMA' (this will throw an Error in a future version of PHP) in C:\xampp\htdocs\clinik\app\views\partials\appheader.php on line 31
[23-Mar-2023 07:50:08 Europe/Berlin] PHP Warning:  Use of undefined constant NAMA - assumed 'NAMA' (this will throw an Error in a future version of PHP) in C:\xampp\htdocs\clinik\app\views\partials\appheader.php on line 66
[23-Mar-2023 07:51:02 Europe/Berlin] PHP Warning:  Use of undefined constant NAMA - assumed 'NAMA' (this will throw an Error in a future version of PHP) in C:\xampp\htdocs\clinik\app\views\partials\appheader.php on line 31
[23-Mar-2023 07:51:02 Europe/Berlin] PHP Warning:  Use of undefined constant NAMA - assumed 'NAMA' (this will throw an Error in a future version of PHP) in C:\xampp\htdocs\clinik\app\views\partials\appheader.php on line 66
[23-Mar-2023 07:53:49 Europe/Berlin] PHP Warning:  Use of undefined constant NAMA - assumed 'NAMA' (this will throw an Error in a future version of PHP) in C:\xampp\htdocs\clinik\app\views\partials\appheader.php on line 31
[23-Mar-2023 07:53:49 Europe/Berlin] PHP Warning:  Use of undefined constant NAMA - assumed 'NAMA' (this will throw an Error in a future version of PHP) in C:\xampp\htdocs\clinik\app\views\partials\appheader.php on line 66
[23-Mar-2023 07:53:59 Europe/Berlin] PHP Warning:  Use of undefined constant NAMA - assumed 'NAMA' (this will throw an Error in a future version of PHP) in C:\xampp\htdocs\clinik\app\views\partials\appheader.php on line 31
[23-Mar-2023 07:53:59 Europe/Berlin] PHP Warning:  Use of undefined constant NAMA - assumed 'NAMA' (this will throw an Error in a future version of PHP) in C:\xampp\htdocs\clinik\app\views\partials\appheader.php on line 66
[23-Mar-2023 07:54:02 Europe/Berlin] PHP Warning:  Use of undefined constant NAMA - assumed 'NAMA' (this will throw an Error in a future version of PHP) in C:\xampp\htdocs\clinik\app\views\partials\appheader.php on line 31
[23-Mar-2023 07:54:02 Europe/Berlin] PHP Warning:  Use of undefined constant NAMA - assumed 'NAMA' (this will throw an Error in a future version of PHP) in C:\xampp\htdocs\clinik\app\views\partials\appheader.php on line 66
[23-Mar-2023 07:56:12 Europe/Berlin] PHP Warning:  Use of undefined constant NAMA - assumed 'NAMA' (this will throw an Error in a future version of PHP) in C:\xampp\htdocs\clinik\app\views\partials\appheader.php on line 31
[23-Mar-2023 07:56:12 Europe/Berlin] PHP Warning:  Use of undefined constant NAMA - assumed 'NAMA' (this will throw an Error in a future version of PHP) in C:\xampp\htdocs\clinik\app\views\partials\appheader.php on line 66
[23-Mar-2023 07:57:12 Europe/Berlin] PHP Warning:  Use of undefined constant NAMA - assumed 'NAMA' (this will throw an Error in a future version of PHP) in C:\xampp\htdocs\clinik\app\views\partials\appheader.php on line 31
[23-Mar-2023 07:57:12 Europe/Berlin] PHP Warning:  Use of undefined constant NAMA - assumed 'NAMA' (this will throw an Error in a future version of PHP) in C:\xampp\htdocs\clinik\app\views\partials\appheader.php on line 66
[23-Mar-2023 07:57:51 Europe/Berlin] PHP Warning:  Use of undefined constant NAMA - assumed 'NAMA' (this will throw an Error in a future version of PHP) in C:\xampp\htdocs\clinik\app\views\partials\appheader.php on line 31
[23-Mar-2023 07:57:51 Europe/Berlin] PHP Warning:  Use of undefined constant NAMA - assumed 'NAMA' (this will throw an Error in a future version of PHP) in C:\xampp\htdocs\clinik\app\views\partials\appheader.php on line 66
[23-Mar-2023 07:58:47 Europe/Berlin] PHP Warning:  Use of undefined constant NAMA - assumed 'NAMA' (this will throw an Error in a future version of PHP) in C:\xampp\htdocs\clinik\app\views\partials\appheader.php on line 31
[23-Mar-2023 07:58:47 Europe/Berlin] PHP Warning:  Use of undefined constant NAMA - assumed 'NAMA' (this will throw an Error in a future version of PHP) in C:\xampp\htdocs\clinik\app\views\partials\appheader.php on line 66
[23-Mar-2023 08:00:30 Europe/Berlin] PHP Warning:  Use of undefined constant NAMA - assumed 'NAMA' (this will throw an Error in a future version of PHP) in C:\xampp\htdocs\clinik\app\views\partials\appheader.php on line 31
[23-Mar-2023 08:00:30 Europe/Berlin] PHP Warning:  Use of undefined constant NAMA - assumed 'NAMA' (this will throw an Error in a future version of PHP) in C:\xampp\htdocs\clinik\app\views\partials\appheader.php on line 66
[23-Mar-2023 08:01:18 Europe/Berlin] PHP Warning:  Use of undefined constant NAMA - assumed 'NAMA' (this will throw an Error in a future version of PHP) in C:\xampp\htdocs\clinik\app\views\partials\appheader.php on line 31
[23-Mar-2023 08:01:18 Europe/Berlin] PHP Warning:  Use of undefined constant NAMA - assumed 'NAMA' (this will throw an Error in a future version of PHP) in C:\xampp\htdocs\clinik\app\views\partials\appheader.php on line 66
[23-Mar-2023 08:01:44 Europe/Berlin] PHP Warning:  Use of undefined constant NAMA - assumed 'NAMA' (this will throw an Error in a future version of PHP) in C:\xampp\htdocs\clinik\app\views\partials\appheader.php on line 31
[23-Mar-2023 08:01:44 Europe/Berlin] PHP Warning:  Use of undefined constant NAMA - assumed 'NAMA' (this will throw an Error in a future version of PHP) in C:\xampp\htdocs\clinik\app\views\partials\appheader.php on line 66
[23-Mar-2023 08:02:04 Europe/Berlin] PHP Warning:  Use of undefined constant NAMA - assumed 'NAMA' (this will throw an Error in a future version of PHP) in C:\xampp\htdocs\clinik\app\views\partials\appheader.php on line 31
[23-Mar-2023 08:02:04 Europe/Berlin] PHP Warning:  Use of undefined constant NAMA - assumed 'NAMA' (this will throw an Error in a future version of PHP) in C:\xampp\htdocs\clinik\app\views\partials\appheader.php on line 66
[23-Mar-2023 08:02:06 Europe/Berlin] PHP Warning:  Use of undefined constant NAMA - assumed 'NAMA' (this will throw an Error in a future version of PHP) in C:\xampp\htdocs\clinik\app\views\partials\appheader.php on line 31
[23-Mar-2023 08:02:06 Europe/Berlin] PHP Warning:  Use of undefined constant NAMA - assumed 'NAMA' (this will throw an Error in a future version of PHP) in C:\xampp\htdocs\clinik\app\views\partials\appheader.php on line 66
[23-Mar-2023 08:02:11 Europe/Berlin] PHP Warning:  Use of undefined constant NAMA - assumed 'NAMA' (this will throw an Error in a future version of PHP) in C:\xampp\htdocs\clinik\app\views\partials\appheader.php on line 31
[23-Mar-2023 08:02:11 Europe/Berlin] PHP Warning:  Use of undefined constant NAMA - assumed 'NAMA' (this will throw an Error in a future version of PHP) in C:\xampp\htdocs\clinik\app\views\partials\appheader.php on line 66
[23-Mar-2023 08:02:13 Europe/Berlin] PHP Warning:  Use of undefined constant NAMA - assumed 'NAMA' (this will throw an Error in a future version of PHP) in C:\xampp\htdocs\clinik\app\views\partials\appheader.php on line 31
[23-Mar-2023 08:02:13 Europe/Berlin] PHP Warning:  Use of undefined constant NAMA - assumed 'NAMA' (this will throw an Error in a future version of PHP) in C:\xampp\htdocs\clinik\app\views\partials\appheader.php on line 66
[23-Mar-2023 08:02:47 Europe/Berlin] PHP Warning:  Use of undefined constant NAMA - assumed 'NAMA' (this will throw an Error in a future version of PHP) in C:\xampp\htdocs\clinik\app\views\partials\appheader.php on line 31
[23-Mar-2023 08:02:47 Europe/Berlin] PHP Warning:  Use of undefined constant NAMA - assumed 'NAMA' (this will throw an Error in a future version of PHP) in C:\xampp\htdocs\clinik\app\views\partials\appheader.php on line 66
[23-Mar-2023 08:02:48 Europe/Berlin] PHP Notice:  Undefined variable: precord in C:\xampp\htdocs\clinik\app\views\partials\rekam_medis\resep.php on line 176
[23-Mar-2023 08:02:48 Europe/Berlin] PHP Notice:  Undefined variable: resep in C:\xampp\htdocs\clinik\app\views\partials\rekam_medis\resep.php on line 177
[23-Mar-2023 08:02:51 Europe/Berlin] PHP Warning:  Use of undefined constant NAMA - assumed 'NAMA' (this will throw an Error in a future version of PHP) in C:\xampp\htdocs\clinik\app\views\partials\appheader.php on line 31
[23-Mar-2023 08:02:51 Europe/Berlin] PHP Warning:  Use of undefined constant NAMA - assumed 'NAMA' (this will throw an Error in a future version of PHP) in C:\xampp\htdocs\clinik\app\views\partials\appheader.php on line 66
[23-Mar-2023 08:04:12 Europe/Berlin] PHP Warning:  Use of undefined constant NAMA - assumed 'NAMA' (this will throw an Error in a future version of PHP) in C:\xampp\htdocs\clinik\app\views\partials\appheader.php on line 31
[23-Mar-2023 08:04:12 Europe/Berlin] PHP Warning:  Use of undefined constant NAMA - assumed 'NAMA' (this will throw an Error in a future version of PHP) in C:\xampp\htdocs\clinik\app\views\partials\appheader.php on line 66
[23-Mar-2023 08:04:16 Europe/Berlin] PHP Warning:  Use of undefined constant NAMA - assumed 'NAMA' (this will throw an Error in a future version of PHP) in C:\xampp\htdocs\clinik\app\views\partials\appheader.php on line 31
[23-Mar-2023 08:04:16 Europe/Berlin] PHP Warning:  Use of undefined constant NAMA - assumed 'NAMA' (this will throw an Error in a future version of PHP) in C:\xampp\htdocs\clinik\app\views\partials\appheader.php on line 66
[23-Mar-2023 08:04:50 Europe/Berlin] PHP Notice:  Undefined index: id_pendaftaran_poli in C:\xampp\htdocs\clinik\app\controllers\Rekam_medisController.php on line 294
[23-Mar-2023 08:04:50 Europe/Berlin] PHP Warning:  Use of undefined constant NAMA - assumed 'NAMA' (this will throw an Error in a future version of PHP) in C:\xampp\htdocs\clinik\app\views\partials\appheader.php on line 31
[23-Mar-2023 08:04:50 Europe/Berlin] PHP Warning:  Use of undefined constant NAMA - assumed 'NAMA' (this will throw an Error in a future version of PHP) in C:\xampp\htdocs\clinik\app\views\partials\appheader.php on line 66
[23-Mar-2023 08:04:59 Europe/Berlin] PHP Warning:  Use of undefined constant NAMA - assumed 'NAMA' (this will throw an Error in a future version of PHP) in C:\xampp\htdocs\clinik\app\views\partials\appheader.php on line 31
[23-Mar-2023 08:04:59 Europe/Berlin] PHP Warning:  Use of undefined constant NAMA - assumed 'NAMA' (this will throw an Error in a future version of PHP) in C:\xampp\htdocs\clinik\app\views\partials\appheader.php on line 66
[23-Mar-2023 08:05:03 Europe/Berlin] PHP Warning:  Use of undefined constant NAMA - assumed 'NAMA' (this will throw an Error in a future version of PHP) in C:\xampp\htdocs\clinik\app\views\partials\appheader.php on line 31
[23-Mar-2023 08:05:03 Europe/Berlin] PHP Warning:  Use of undefined constant NAMA - assumed 'NAMA' (this will throw an Error in a future version of PHP) in C:\xampp\htdocs\clinik\app\views\partials\appheader.php on line 66
[23-Mar-2023 08:05:57 Europe/Berlin] PHP Warning:  Use of undefined constant NAMA - assumed 'NAMA' (this will throw an Error in a future version of PHP) in C:\xampp\htdocs\clinik\app\views\partials\appheader.php on line 31
[23-Mar-2023 08:05:57 Europe/Berlin] PHP Warning:  Use of undefined constant NAMA - assumed 'NAMA' (this will throw an Error in a future version of PHP) in C:\xampp\htdocs\clinik\app\views\partials\appheader.php on line 66
[23-Mar-2023 08:07:21 Europe/Berlin] PHP Warning:  Use of undefined constant NAMA - assumed 'NAMA' (this will throw an Error in a future version of PHP) in C:\xampp\htdocs\clinik\app\views\partials\appheader.php on line 31
[23-Mar-2023 08:07:21 Europe/Berlin] PHP Warning:  Use of undefined constant NAMA - assumed 'NAMA' (this will throw an Error in a future version of PHP) in C:\xampp\htdocs\clinik\app\views\partials\appheader.php on line 66
[23-Mar-2023 08:07:37 Europe/Berlin] PHP Warning:  Use of undefined constant NAMA - assumed 'NAMA' (this will throw an Error in a future version of PHP) in C:\xampp\htdocs\clinik\app\views\partials\appheader.php on line 31
[23-Mar-2023 08:07:37 Europe/Berlin] PHP Warning:  Use of undefined constant NAMA - assumed 'NAMA' (this will throw an Error in a future version of PHP) in C:\xampp\htdocs\clinik\app\views\partials\appheader.php on line 66
[23-Mar-2023 08:07:39 Europe/Berlin] PHP Warning:  Use of undefined constant NAMA - assumed 'NAMA' (this will throw an Error in a future version of PHP) in C:\xampp\htdocs\clinik\app\views\partials\appheader.php on line 31
[23-Mar-2023 08:07:39 Europe/Berlin] PHP Warning:  Use of undefined constant NAMA - assumed 'NAMA' (this will throw an Error in a future version of PHP) in C:\xampp\htdocs\clinik\app\views\partials\appheader.php on line 66
[23-Mar-2023 08:07:42 Europe/Berlin] PHP Warning:  Use of undefined constant NAMA - assumed 'NAMA' (this will throw an Error in a future version of PHP) in C:\xampp\htdocs\clinik\app\views\partials\appheader.php on line 31
[23-Mar-2023 08:07:42 Europe/Berlin] PHP Warning:  Use of undefined constant NAMA - assumed 'NAMA' (this will throw an Error in a future version of PHP) in C:\xampp\htdocs\clinik\app\views\partials\appheader.php on line 66
[23-Mar-2023 08:07:47 Europe/Berlin] PHP Warning:  Use of undefined constant NAMA - assumed 'NAMA' (this will throw an Error in a future version of PHP) in C:\xampp\htdocs\clinik\app\views\partials\appheader.php on line 31
[23-Mar-2023 08:07:47 Europe/Berlin] PHP Warning:  Use of undefined constant NAMA - assumed 'NAMA' (this will throw an Error in a future version of PHP) in C:\xampp\htdocs\clinik\app\views\partials\appheader.php on line 66
[23-Mar-2023 08:09:45 Europe/Berlin] PHP Warning:  Use of undefined constant NAMA - assumed 'NAMA' (this will throw an Error in a future version of PHP) in C:\xampp\htdocs\clinik\app\views\partials\appheader.php on line 31
[23-Mar-2023 08:09:45 Europe/Berlin] PHP Warning:  Use of undefined constant NAMA - assumed 'NAMA' (this will throw an Error in a future version of PHP) in C:\xampp\htdocs\clinik\app\views\partials\appheader.php on line 66
[23-Mar-2023 08:12:30 Europe/Berlin] PHP Warning:  Use of undefined constant NAMA - assumed 'NAMA' (this will throw an Error in a future version of PHP) in C:\xampp\htdocs\clinik\app\views\partials\appheader.php on line 31
[23-Mar-2023 08:12:30 Europe/Berlin] PHP Warning:  Use of undefined constant NAMA - assumed 'NAMA' (this will throw an Error in a future version of PHP) in C:\xampp\htdocs\clinik\app\views\partials\appheader.php on line 66
[23-Mar-2023 08:12:34 Europe/Berlin] PHP Warning:  Use of undefined constant NAMA - assumed 'NAMA' (this will throw an Error in a future version of PHP) in C:\xampp\htdocs\clinik\app\views\partials\appheader.php on line 31
[23-Mar-2023 08:12:34 Europe/Berlin] PHP Warning:  Use of undefined constant NAMA - assumed 'NAMA' (this will throw an Error in a future version of PHP) in C:\xampp\htdocs\clinik\app\views\partials\appheader.php on line 66
[23-Mar-2023 08:12:37 Europe/Berlin] PHP Warning:  Use of undefined constant NAMA - assumed 'NAMA' (this will throw an Error in a future version of PHP) in C:\xampp\htdocs\clinik\app\views\partials\appheader.php on line 31
[23-Mar-2023 08:12:37 Europe/Berlin] PHP Warning:  Use of undefined constant NAMA - assumed 'NAMA' (this will throw an Error in a future version of PHP) in C:\xampp\htdocs\clinik\app\views\partials\appheader.php on line 66
[23-Mar-2023 08:12:54 Europe/Berlin] PHP Warning:  Use of undefined constant NAMA - assumed 'NAMA' (this will throw an Error in a future version of PHP) in C:\xampp\htdocs\clinik\app\views\partials\appheader.php on line 31
[23-Mar-2023 08:12:54 Europe/Berlin] PHP Warning:  Use of undefined constant NAMA - assumed 'NAMA' (this will throw an Error in a future version of PHP) in C:\xampp\htdocs\clinik\app\views\partials\appheader.php on line 66
[23-Mar-2023 08:13:10 Europe/Berlin] PHP Warning:  Use of undefined constant NAMA - assumed 'NAMA' (this will throw an Error in a future version of PHP) in C:\xampp\htdocs\clinik\app\views\partials\appheader.php on line 31
[23-Mar-2023 08:13:10 Europe/Berlin] PHP Warning:  Use of undefined constant NAMA - assumed 'NAMA' (this will throw an Error in a future version of PHP) in C:\xampp\htdocs\clinik\app\views\partials\appheader.php on line 66
[23-Mar-2023 08:17:54 Europe/Berlin] PHP Warning:  Use of undefined constant NAMA - assumed 'NAMA' (this will throw an Error in a future version of PHP) in C:\xampp\htdocs\clinik\app\views\partials\appheader.php on line 31
[23-Mar-2023 08:17:54 Europe/Berlin] PHP Warning:  Use of undefined constant NAMA - assumed 'NAMA' (this will throw an Error in a future version of PHP) in C:\xampp\htdocs\clinik\app\views\partials\appheader.php on line 66
[23-Mar-2023 08:17:58 Europe/Berlin] PHP Warning:  Use of undefined constant NAMA - assumed 'NAMA' (this will throw an Error in a future version of PHP) in C:\xampp\htdocs\clinik\app\views\partials\appheader.php on line 31
[23-Mar-2023 08:17:58 Europe/Berlin] PHP Warning:  Use of undefined constant NAMA - assumed 'NAMA' (this will throw an Error in a future version of PHP) in C:\xampp\htdocs\clinik\app\views\partials\appheader.php on line 66
[23-Mar-2023 08:21:35 Europe/Berlin] PHP Warning:  Use of undefined constant NAMA - assumed 'NAMA' (this will throw an Error in a future version of PHP) in C:\xampp\htdocs\clinik\app\views\partials\appheader.php on line 31
[23-Mar-2023 08:21:35 Europe/Berlin] PHP Warning:  Use of undefined constant NAMA - assumed 'NAMA' (this will throw an Error in a future version of PHP) in C:\xampp\htdocs\clinik\app\views\partials\appheader.php on line 66
[23-Mar-2023 08:22:15 Europe/Berlin] PHP Warning:  Use of undefined constant NAMA - assumed 'NAMA' (this will throw an Error in a future version of PHP) in C:\xampp\htdocs\clinik\app\views\partials\appheader.php on line 31
[23-Mar-2023 08:22:15 Europe/Berlin] PHP Warning:  Use of undefined constant NAMA - assumed 'NAMA' (this will throw an Error in a future version of PHP) in C:\xampp\htdocs\clinik\app\views\partials\appheader.php on line 66
[23-Mar-2023 08:22:24 Europe/Berlin] PHP Warning:  Use of undefined constant NAMA - assumed 'NAMA' (this will throw an Error in a future version of PHP) in C:\xampp\htdocs\clinik\app\views\partials\appheader.php on line 31
[23-Mar-2023 08:22:24 Europe/Berlin] PHP Warning:  Use of undefined constant NAMA - assumed 'NAMA' (this will throw an Error in a future version of PHP) in C:\xampp\htdocs\clinik\app\views\partials\appheader.php on line 66
[23-Mar-2023 08:22:49 Europe/Berlin] PHP Warning:  Use of undefined constant NAMA - assumed 'NAMA' (this will throw an Error in a future version of PHP) in C:\xampp\htdocs\clinik\app\views\partials\appheader.php on line 31
[23-Mar-2023 08:22:49 Europe/Berlin] PHP Warning:  Use of undefined constant NAMA - assumed 'NAMA' (this will throw an Error in a future version of PHP) in C:\xampp\htdocs\clinik\app\views\partials\appheader.php on line 66
[23-Mar-2023 08:25:59 Europe/Berlin] PHP Warning:  Use of undefined constant NAMA - assumed 'NAMA' (this will throw an Error in a future version of PHP) in C:\xampp\htdocs\clinik\app\views\partials\appheader.php on line 31
[23-Mar-2023 08:25:59 Europe/Berlin] PHP Warning:  Use of undefined constant NAMA - assumed 'NAMA' (this will throw an Error in a future version of PHP) in C:\xampp\htdocs\clinik\app\views\partials\appheader.php on line 66
[23-Mar-2023 08:26:37 Europe/Berlin] PHP Warning:  Use of undefined constant NAMA - assumed 'NAMA' (this will throw an Error in a future version of PHP) in C:\xampp\htdocs\clinik\app\views\partials\appheader.php on line 31
[23-Mar-2023 08:26:37 Europe/Berlin] PHP Warning:  Use of undefined constant NAMA - assumed 'NAMA' (this will throw an Error in a future version of PHP) in C:\xampp\htdocs\clinik\app\views\partials\appheader.php on line 66
[23-Mar-2023 08:26:37 Europe/Berlin] PHP Notice:  Undefined variable: original_plaintext in C:\xampp\htdocs\clinik\app\views\partials\data_resep\proses.php on line 116
[23-Mar-2023 08:26:37 Europe/Berlin] PHP Notice:  Undefined variable: rekam in C:\xampp\htdocs\clinik\app\views\partials\data_resep\proses.php on line 123
[23-Mar-2023 08:26:37 Europe/Berlin] PHP Notice:  Undefined variable: tgl in C:\xampp\htdocs\clinik\app\views\partials\data_resep\proses.php on line 123
[23-Mar-2023 08:26:39 Europe/Berlin] PHP Warning:  Use of undefined constant NAMA - assumed 'NAMA' (this will throw an Error in a future version of PHP) in C:\xampp\htdocs\clinik\app\views\partials\appheader.php on line 31
[23-Mar-2023 08:26:39 Europe/Berlin] PHP Warning:  Use of undefined constant NAMA - assumed 'NAMA' (this will throw an Error in a future version of PHP) in C:\xampp\htdocs\clinik\app\views\partials\appheader.php on line 66
[23-Mar-2023 08:26:54 Europe/Berlin] PHP Warning:  Use of undefined constant NAMA - assumed 'NAMA' (this will throw an Error in a future version of PHP) in C:\xampp\htdocs\clinik\app\views\partials\appheader.php on line 31
[23-Mar-2023 08:26:54 Europe/Berlin] PHP Warning:  Use of undefined constant NAMA - assumed 'NAMA' (this will throw an Error in a future version of PHP) in C:\xampp\htdocs\clinik\app\views\partials\appheader.php on line 66
[23-Mar-2023 08:26:58 Europe/Berlin] PHP Warning:  Use of undefined constant NAMA - assumed 'NAMA' (this will throw an Error in a future version of PHP) in C:\xampp\htdocs\clinik\app\views\partials\appheader.php on line 31
[23-Mar-2023 08:26:58 Europe/Berlin] PHP Warning:  Use of undefined constant NAMA - assumed 'NAMA' (this will throw an Error in a future version of PHP) in C:\xampp\htdocs\clinik\app\views\partials\appheader.php on line 66
[23-Mar-2023 08:27:01 Europe/Berlin] PHP Warning:  Use of undefined constant NAMA - assumed 'NAMA' (this will throw an Error in a future version of PHP) in C:\xampp\htdocs\clinik\app\views\partials\appheader.php on line 31
[23-Mar-2023 08:27:01 Europe/Berlin] PHP Warning:  Use of undefined constant NAMA - assumed 'NAMA' (this will throw an Error in a future version of PHP) in C:\xampp\htdocs\clinik\app\views\partials\appheader.php on line 66
[23-Mar-2023 08:27:09 Europe/Berlin] PHP Warning:  Use of undefined constant NAMA - assumed 'NAMA' (this will throw an Error in a future version of PHP) in C:\xampp\htdocs\clinik\app\views\partials\appheader.php on line 31
[23-Mar-2023 08:27:09 Europe/Berlin] PHP Warning:  Use of undefined constant NAMA - assumed 'NAMA' (this will throw an Error in a future version of PHP) in C:\xampp\htdocs\clinik\app\views\partials\appheader.php on line 66
[23-Mar-2023 08:27:42 Europe/Berlin] PHP Warning:  Use of undefined constant NAMA - assumed 'NAMA' (this will throw an Error in a future version of PHP) in C:\xampp\htdocs\clinik\app\views\partials\appheader.php on line 31
[23-Mar-2023 08:27:42 Europe/Berlin] PHP Warning:  Use of undefined constant NAMA - assumed 'NAMA' (this will throw an Error in a future version of PHP) in C:\xampp\htdocs\clinik\app\views\partials\appheader.php on line 66
[23-Mar-2023 09:12:55 Europe/Berlin] PHP Warning:  Use of undefined constant NAMA - assumed 'NAMA' (this will throw an Error in a future version of PHP) in C:\xampp\htdocs\clinik\app\views\partials\appheader.php on line 31
[23-Mar-2023 09:12:55 Europe/Berlin] PHP Warning:  Use of undefined constant NAMA - assumed 'NAMA' (this will throw an Error in a future version of PHP) in C:\xampp\htdocs\clinik\app\views\partials\appheader.php on line 66
[23-Mar-2023 09:13:44 Europe/Berlin] PHP Warning:  Use of undefined constant NAMA - assumed 'NAMA' (this will throw an Error in a future version of PHP) in C:\xampp\htdocs\clinik\app\views\partials\appheader.php on line 31
[23-Mar-2023 09:13:44 Europe/Berlin] PHP Warning:  Use of undefined constant NAMA - assumed 'NAMA' (this will throw an Error in a future version of PHP) in C:\xampp\htdocs\clinik\app\views\partials\appheader.php on line 66
[23-Mar-2023 09:14:01 Europe/Berlin] PHP Warning:  Use of undefined constant NAMA - assumed 'NAMA' (this will throw an Error in a future version of PHP) in C:\xampp\htdocs\clinik\app\views\partials\appheader.php on line 31
[23-Mar-2023 09:14:01 Europe/Berlin] PHP Warning:  Use of undefined constant NAMA - assumed 'NAMA' (this will throw an Error in a future version of PHP) in C:\xampp\htdocs\clinik\app\views\partials\appheader.php on line 66
[23-Mar-2023 09:14:12 Europe/Berlin] PHP Warning:  Use of undefined constant NAMA - assumed 'NAMA' (this will throw an Error in a future version of PHP) in C:\xampp\htdocs\clinik\app\views\partials\appheader.php on line 31
[23-Mar-2023 09:14:12 Europe/Berlin] PHP Warning:  Use of undefined constant NAMA - assumed 'NAMA' (this will throw an Error in a future version of PHP) in C:\xampp\htdocs\clinik\app\views\partials\appheader.php on line 66
[23-Mar-2023 09:14:21 Europe/Berlin] PHP Warning:  Use of undefined constant NAMA - assumed 'NAMA' (this will throw an Error in a future version of PHP) in C:\xampp\htdocs\clinik\app\views\partials\appheader.php on line 31
[23-Mar-2023 09:14:21 Europe/Berlin] PHP Warning:  Use of undefined constant NAMA - assumed 'NAMA' (this will throw an Error in a future version of PHP) in C:\xampp\htdocs\clinik\app\views\partials\appheader.php on line 66
[23-Mar-2023 09:14:38 Europe/Berlin] PHP Warning:  Use of undefined constant NAMA - assumed 'NAMA' (this will throw an Error in a future version of PHP) in C:\xampp\htdocs\clinik\app\views\partials\appheader.php on line 31
[23-Mar-2023 09:14:38 Europe/Berlin] PHP Warning:  Use of undefined constant NAMA - assumed 'NAMA' (this will throw an Error in a future version of PHP) in C:\xampp\htdocs\clinik\app\views\partials\appheader.php on line 66
[23-Mar-2023 09:14:40 Europe/Berlin] PHP Warning:  Use of undefined constant NAMA - assumed 'NAMA' (this will throw an Error in a future version of PHP) in C:\xampp\htdocs\clinik\app\views\partials\appheader.php on line 31
[23-Mar-2023 09:14:40 Europe/Berlin] PHP Warning:  Use of undefined constant NAMA - assumed 'NAMA' (this will throw an Error in a future version of PHP) in C:\xampp\htdocs\clinik\app\views\partials\appheader.php on line 66
[23-Mar-2023 09:14:49 Europe/Berlin] PHP Warning:  Use of undefined constant NAMA - assumed 'NAMA' (this will throw an Error in a future version of PHP) in C:\xampp\htdocs\clinik\app\views\partials\appheader.php on line 31
[23-Mar-2023 09:14:49 Europe/Berlin] PHP Warning:  Use of undefined constant NAMA - assumed 'NAMA' (this will throw an Error in a future version of PHP) in C:\xampp\htdocs\clinik\app\views\partials\appheader.php on line 66
